<?xml version='1.0' encoding='UTF-8' ?>
<testsuite name="course.labs.activitylab.test.Test3" tests="1" failures="0" errors="0" time="26.487" timestamp="2014-02-04T11:33:33" hostname="localhost">
  <properties device="AVD_for_Galaxy_Nexus_by_Google(AVD) - 4.3" flavor="" project="app" />
  <testcase name="testRun" classname="course.labs.activitylab.test.Test3" time="26.475" />
</testsuite>